<?xml version="1.0" encoding="UTF-8"?>
<testng-results ignored="0" total="0" passed="0" failed="0" skipped="0">
  <reporter-output>
  </reporter-output>
  <suite started-at="2026-06-16T00:42:18 IST" name="Default suite" finished-at="2026-06-16T00:42:27 IST" duration-ms="8891">
    <groups>
    </groups>
    <test started-at="2026-06-16T00:42:18 IST" name="Default test" finished-at="2026-06-16T00:42:27 IST" duration-ms="8891">
      <class name="com.SimpleProject.NewTest">
        <test-method is-config="true" signature="beforeTest()[pri:0, instance:com.SimpleProject.NewTest@5542c4ed]" started-at="2026-06-16T00:42:18 IST" name="beforeTest" finished-at="2026-06-16T00:42:26 IST" duration-ms="8522" status="PASS">
          <reporter-output>
          </reporter-output>
        </test-method> <!-- beforeTest -->
        <test-method is-config="true" signature="afterTest()[pri:0, instance:com.SimpleProject.NewTest@5542c4ed]" started-at="2026-06-16T00:42:26 IST" name="afterTest" finished-at="2026-06-16T00:42:27 IST" duration-ms="335" status="PASS">
          <reporter-output>
          </reporter-output>
        </test-method> <!-- afterTest -->
      </class> <!-- com.SimpleProject.NewTest -->
    </test> <!-- Default test -->
  </suite> <!-- Default suite -->
</testng-results>
